[02-May-2017 14:36:22 UTC] PHP Fatal error:  Uncaught exception 'Exception' with message 'BooksController.php not found' in /home/ubuntu/workspace/mvc-app/index.php:17
Stack trace:
#0 [internal function]: {closure}('BooksController')
#1 /home/ubuntu/workspace/mvc-app/index.php(37): spl_autoload_call('BooksController')
#2 {main}
  thrown in /home/ubuntu/workspace/mvc-app/index.php on line 17
[02-May-2017 14:37:34 UTC] PHP Fatal error:  Cannot instantiate abstract class Controller in /home/ubuntu/workspace/mvc-app/index.php on line 37
[02-May-2017 14:37:34 UTC] PHP Stack trace:
[02-May-2017 14:37:34 UTC] PHP   1. {main}() /home/ubuntu/workspace/mvc-app/index.php:0
[02-May-2017 15:10:39 UTC] PHP Fatal error:  Uncaught exception 'Exception' with message 'DefaultController.php not found' in /home/ubuntu/workspace/mvc-app/index.php:17
Stack trace:
#0 [internal function]: {closure}('DefaultControll...')
#1 /home/ubuntu/workspace/mvc-app/index.php(38): spl_autoload_call('DefaultControll...')
#2 {main}
  thrown in /home/ubuntu/workspace/mvc-app/index.php on line 17
[02-May-2017 15:10:59 UTC] PHP Fatal error:  Uncaught exception 'Exception' with message 'DefaultController.php not found' in /home/ubuntu/workspace/mvc-app/index.php:17
Stack trace:
#0 [internal function]: {closure}('DefaultControll...')
#1 /home/ubuntu/workspace/mvc-app/index.php(38): spl_autoload_call('DefaultControll...')
#2 {main}
  thrown in /home/ubuntu/workspace/mvc-app/index.php on line 17
[02-May-2017 15:11:11 UTC] PHP Fatal error:  Uncaught exception 'Exception' with message 'DefaultController.php not found' in /home/ubuntu/workspace/mvc-app/index.php:17
Stack trace:
#0 [internal function]: {closure}('DefaultControll...')
#1 /home/ubuntu/workspace/mvc-app/index.php(38): spl_autoload_call('DefaultControll...')
#2 {main}
  thrown in /home/ubuntu/workspace/mvc-app/index.php on line 17
[02-May-2017 15:44:08 UTC] PHP Notice:  Undefined variable: condtent in /home/ubuntu/workspace/mvc-app/View/layout.phtml on line 14
[02-May-2017 15:44:08 UTC] PHP Stack trace:
[02-May-2017 15:44:08 UTC] PHP   1. {main}() /home/ubuntu/workspace/mvc-app/index.php:0
[02-May-2017 15:44:08 UTC] PHP   2. require() /home/ubuntu/workspace/mvc-app/index.php:46
[02-May-2017 17:37:49 UTC] PHP Notice:  Undefined variable: self in /home/ubuntu/workspace/mvc-app/Library/Controller.php on line 8
[02-May-2017 17:37:49 UTC] PHP Stack trace:
[02-May-2017 17:37:49 UTC] PHP   1. {main}() /home/ubuntu/workspace/mvc-app/index.php:0
[02-May-2017 17:37:49 UTC] PHP   2. DefaultController->feedbackAction() /home/ubuntu/workspace/mvc-app/index.php:45
[02-May-2017 17:37:49 UTC] PHP   3. Controller->render() /home/ubuntu/workspace/mvc-app/Controller/DefaultController.php:12
[02-May-2017 17:37:49 UTC] PHP Fatal error:  Uncaught exception 'Exception' with message '/home/ubuntu/workspace/mvc-app/View//feedback.phtml not found!!' in /home/ubuntu/workspace/mvc-app/Library/Controller.php:12
Stack trace:
#0 /home/ubuntu/workspace/mvc-app/Controller/DefaultController.php(12): Controller->render('feedback.phtml')
#1 /home/ubuntu/workspace/mvc-app/index.php(45): DefaultController->feedbackAction()
#2 {main}
  thrown in /home/ubuntu/workspace/mvc-app/Library/Controller.php on line 12
